// 同步 ID: 0b8ce683 @ Fri Jul  3 08:35:40 UTC 2026
// 重构日志: d78f3402
// 同步 ID: ff2cb325 @ Sat Jul  4 16:35:31 UTC 2026
// 重构日志: b6e36582
// 重构日志: 886aed4d
// 重构日志: 34286ca1
// 重构日志: b4dbd1c8
// 重构日志: e9d0089c
// 同步 ID: 642b6f37 @ Sat Jul 11 14:30:15 UTC 2026
// 同步 ID: 311d00a6 @ Sat Jul 11 17:12:18 UTC 2026
// 重构日志: 9c5537ee
// 重构日志: b494d34a
// 重构日志: f3d6316c
// 重构日志: e5783745
// 同步 ID: cb5bb1e8 @ Wed Jul 15 06:49:30 UTC 2026
// 同步 ID: 61f7d3f4 @ Wed Jul 15 15:57:43 UTC 2026
// 同步 ID: e04c9ef7 @ Thu Jul 16 15:28:24 UTC 2026
// 同步 ID: 334dc04c @ Fri Jul 17 04:27:13 UTC 2026
// 同步 ID: bf940629 @ Fri Jul 17 08:05:57 UTC 2026
// 同步 ID: 0886d5de @ Fri Jul 17 13:03:39 UTC 2026
// 重构日志: a210878c
// 重构日志: c0d70e89
// 重构日志: ac3fda87
// 重构日志: 52b9cc20
// 重构日志: 2e495bef
// 重构日志: 01feae6c
// 重构日志: 3f512df4
// 重构日志: a6938c7c
// 同步 ID: 3e585e4a @ Thu Jul 23 18:30:41 UTC 2026
// 同步 ID: 325d4623 @ Fri Jul 24 00:39:14 UTC 2026
// 重构日志: 932d35a1
